-------------------------------------------------------------------------------
Test set: com.espol.rentalsystemtest.VideoGameRentalTest
-------------------------------------------------------------------------------
Tests run: 4, Failures: 4, Errors: 0, Skipped: 0, Time elapsed: 0 sec <<< FAILURE!
com.espol.rentalsystemtest.VideoGameRentalTest.testGetDaysRented()  Time elapsed: 0 sec  <<< FAILURE!
java.lang.NullPointerException
	at com.espol.rentalsystemtest.VideoGameRentalTest.testGetDaysRented(VideoGameRentalTest.java:48)

com.espol.rentalsystemtest.VideoGameRentalTest.testGetFrequentRenterPoints()  Time elapsed: 0 sec  <<< FAILURE!
java.lang.NullPointerException
	at com.espol.rentalsystemtest.VideoGameRentalTest.testGetFrequentRenterPoints(VideoGameRentalTest.java:90)

com.espol.rentalsystemtest.VideoGameRentalTest.testGetCharge()  Time elapsed: 0 sec  <<< FAILURE!
java.lang.NullPointerException
	at com.espol.rentalsystemtest.VideoGameRentalTest.testGetCharge(VideoGameRentalTest.java:76)

com.espol.rentalsystemtest.VideoGameRentalTest.testGetVideoGame()  Time elapsed: 0 sec  <<< FAILURE!
java.lang.NullPointerException
	at com.espol.rentalsystemtest.VideoGameRentalTest.testGetVideoGame(VideoGameRentalTest.java:62)

